<?xml version="1.0" encoding="UTF-8"?>
<testsuite xmlns:xsi="http://www.w3.org/2001/XMLSchema-instance" xsi:noNamespaceSchemaLocation="https://maven.apache.org/surefire/maven-surefire-plugin/xsd/surefire-test-report-3.0.xsd" version="3.0" name="com.example.app.repository.RoomRepositoryTest" time="4.402" tests="3" errors="0" skipped="0" failures="0">
  <properties>
[...]
</properties>
  <testcase name="findAvailableRooms_includesRoomWhenDatesDoNotOverlap" classname="com.example.app.repository.RoomRepositoryTest" time="0.636">
    <system-out><![CDATA[14:14:30.471 [main] INFO org.springframework.test.context.support.AnnotationConfigContextLoaderUtils -- Could not detect default configuration classes for test class [com.example.app.repository.RoomRepositoryTest]: RoomRepositoryTest does not declare any static, non-private, non-final, nested classes annotated with @Configuration.
14:14:30.620 [main] INFO org.springframework.boot.test.context.SpringBootTestContextBootstrapper -- Found @SpringBootConfiguration com.example.app.AppApplication for test class com.example.app.repository.RoomRepositoryTest

  .   ____          _            __ _ _
 /\\ / ___'_ __ _ _(_)_ __  __ _ \ \ \ \
( ( )\___ | '_ | '_| | '_ \/ _` | \ \ \ \
 \\/  ___)| |_)| | | | | || (_| |  ) ) ) )
  '  |____| .__|_| |_|_| |_\__, | / / / /
 =========|_|==============|___/=/_/_/_/

 :: Spring Boot ::                (v3.3.4)

2026-09-02T14:14:30.993+06:00  INFO 80805 --- [hotel-management-system] [           main] c.e.app.repository.RoomRepositoryTest    : Starting RoomRepositoryTest using Java 25.0.4.1 with PID 80805 (started by whoami in /home/whoami/Desktop/Coding/springboot/hotel-management-system)
2026-09-02T14:14:30.994+06:00 DEBUG 80805 --- [hotel-management-system] [           main] c.e.app.repository.RoomRepositoryTest    : Running with Spring Boot v3.3.4, Spring v6.1.13
2026-09-02T14:14:30.995+06:00  INFO 80805 --- [hotel-management-system] [           main] c.e.app.repository.RoomRepositoryTest    : No active profile set, falling back to 1 default profile: "default"
2026-09-02T14:14:31.361+06:00  INFO 80805 --- [hotel-management-system] [           main] .s.d.r.c.RepositoryConfigurationDelegate : Bootstrapping Spring Data JPA repositories in DEFAULT mode.
2026-09-02T14:14:31.422+06:00  INFO 80805 --- [hotel-management-system] [           main] .s.d.r.c.RepositoryConfigurationDelegate : Finished Spring Data repository scanning in 53 ms. Found 6 JPA repository interfaces.
2026-09-02T14:14:31.479+06:00  INFO 80805 --- [hotel-management-system] [           main] beddedDataSourceBeanFactoryPostProcessor : Replacing 'dataSource' DataSource bean with embedded version
2026-09-02T14:14:31.663+06:00  INFO 80805 --- [hotel-management-system] [           main] o.s.j.d.e.EmbeddedDatabaseFactory        : Starting embedded database: url='jdbc:h2:mem:5ac6e326-500c-424a-9e2b-b6808effdcfa;DB_CLOSE_DELAY=-1;DB_CLOSE_ON_EXIT=false', username='sa'
2026-09-02T14:14:31.947+06:00  INFO 80805 --- [hotel-management-system] [           main] o.hibernate.jpa.internal.util.LogHelper  : HHH000204: Processing PersistenceUnitInfo [name: default]
2026-09-02T14:14:31.989+06:00  INFO 80805 --- [hotel-management-system] [           main] org.hibernate.Version                    : HHH000412: Hibernate ORM core version 6.5.3.Final
2026-09-02T14:14:32.018+06:00  INFO 80805 --- [hotel-management-system] [           main] o.h.c.internal.RegionFactoryInitiator    : HHH000026: Second-level cache disabled
2026-09-02T14:14:32.299+06:00  INFO 80805 --- [hotel-management-system] [           main] o.s.o.j.p.SpringPersistenceUnitInfo      : No LoadTimeWeaver setup: ignoring JPA class transformer
2026-09-02T14:14:32.340+06:00  WARN 80805 --- [hotel-management-system] [           main] org.hibernate.orm.deprecation            : HHH90000025: H2Dialect does not need to be specified explicitly using 'hibernate.dialect' (remove the property setting and it will be selected by default)
2026-09-02T14:14:33.157+06:00  INFO 80805 --- [hotel-management-system] [           main] o.h.e.t.j.p.i.JtaPlatformInitiator       : HHH000489: No JTA platform available (set 'hibernate.transaction.jta.platform' to enable JTA platform integration)
Hibernate: 
    drop table if exists bookings cascade 
Hibernate: 
    drop table if exists customers cascade 
Hibernate: 
    drop table if exists payments cascade 
Hibernate: 
    drop table if exists room_types cascade 
Hibernate: 
    drop table if exists rooms cascade 
Hibernate: 
    drop table if exists users cascade 
Hibernate: 
    create table bookings (
        check_in_date date not null,
        check_out_date date not null,
        number_of_guests integer not null,
        total_amount numeric(10,2) not null,
        created_at timestamp(6) not null,
        customer_id bigint not null,
        id bigint generated by default as identity,
        room_id bigint not null,
        booking_reference varchar(20) not null unique,
        booking_status enum ('CANCELLED','CHECKED_IN','CHECKED_OUT','CONFIRMED','PENDING') not null,
        primary key (id)
    )
Hibernate: 
    create table customers (
        date_of_birth date not null,
        id bigint generated by default as identity,
        user_id bigint not null unique,
        identification_number varchar(50) not null unique,
        address varchar(255) not null,
        primary key (id)
    )
Hibernate: 
    create table payments (
        amount numeric(10,2) not null,
        booking_id bigint not null,
        id bigint generated by default as identity,
        payment_date timestamp(6) not null,
        transaction_reference varchar(40) not null unique,
        payment_method enum ('BANK_TRANSFER','CARD','CASH','MOBILE_PAYMENT') not null,
        payment_status enum ('FAILED','PAID','PENDING','REFUNDED') not null,
        primary key (id)
    )
Hibernate: 
    create table room_types (
        base_price numeric(10,2) not null,
        capacity integer not null,
        id bigint generated by default as identity,
        name varchar(40) not null unique,
        description varchar(500),
        primary key (id)
    )
Hibernate: 
    create table rooms (
        floor integer not null,
        price_per_night numeric(10,2) not null,
        id bigint generated by default as identity,
        room_type_id bigint not null,
        room_number varchar(10) not null unique,
        description varchar(500),
        status enum ('AVAILABLE','MAINTENANCE','OCCUPIED','RESERVED') not null,
        primary key (id)
    )
Hibernate: 
    create table users (
        enabled boolean not null,
        created_at timestamp(6) not null,
        id bigint generated by default as identity,
        updated_at timestamp(6) not null,
        phone varchar(20),
        username varchar(50) not null unique,
        first_name varchar(60) not null,
        last_name varchar(60) not null,
        email varchar(120) not null unique,
        password varchar(255) not null,
        role enum ('ADMIN','CUSTOMER','RECEPTIONIST') not null,
        primary key (id)
    )
Hibernate: 
    alter table if exists bookings 
       add constraint FKbvfibgflhsb0g2hnjauiv5khs 
       foreign key (customer_id) 
       references customers
Hibernate: 
    alter table if exists bookings 
       add constraint FKrgoycol97o21kpjodw1qox4nc 
       foreign key (room_id) 
       references rooms
Hibernate: 
    alter table if exists customers 
       add constraint FKrh1g1a20omjmn6kurd35o3eit 
       foreign key (user_id) 
       references users
Hibernate: 
    alter table if exists payments 
       add constraint FKc52o2b1jkxttngufqp3t7jr3h 
       foreign key (booking_id) 
       references bookings
Hibernate: 
    alter table if exists rooms 
       add constraint FKh9m2n1paq5hmd3u0klfl7wsfv 
       foreign key (room_type_id) 
       references room_types
2026-09-02T14:14:33.213+06:00  INFO 80805 --- [hotel-management-system] [           main] j.LocalContainerEntityManagerFactoryBean : Initialized JPA EntityManagerFactory for persistence unit 'default'
2026-09-02T14:14:33.565+06:00  INFO 80805 --- [hotel-management-system] [           main] o.s.d.j.r.query.QueryEnhancerFactory     : Hibernate is in classpath; If applicable, HQL parser will be used.
2026-09-02T14:14:34.010+06:00  INFO 80805 --- [hotel-management-system] [           main] c.e.app.repository.RoomRepositoryTest    : Started RoomRepositoryTest in 3.299 seconds (process running for 4.225)
Hibernate: 
    insert 
    into
        room_types
        (base_price, capacity, description, name, id) 
    values
        (?, ?, ?, ?, default)
Hibernate: 
    insert 
    into
        rooms
        (description, floor, price_per_night, room_number, room_type_id, status, id) 
    values
        (?, ?, ?, ?, ?, ?, default)
Hibernate: 
    insert 
    into
        users
        (created_at, email, enabled, first_name, last_name, password, phone, role, updated_at, username, id) 
    values
        (?, ?, ?, ?, ?, ?, ?, ?, ?, ?, default)
Hibernate: 
    insert 
    into
        customers
        (address, date_of_birth, identification_number, user_id, id) 
    values
        (?, ?, ?, ?, default)
Hibernate: 
    insert 
    into
        bookings
        (booking_reference, booking_status, check_in_date, check_out_date, created_at, customer_id, number_of_guests, room_id, total_amount, id) 
    values
        (?, ?, ?, ?, ?, ?, ?, ?, ?, default)
Hibernate: 
    select
        r1_0.id,
        r1_0.description,
        r1_0.floor,
        r1_0.price_per_night,
        r1_0.room_number,
        r1_0.room_type_id,
        r1_0.status 
    from
        rooms r1_0 
    where
        r1_0.status<>'MAINTENANCE' 
        and r1_0.id not in (select
            b1_0.room_id 
        from
            bookings b1_0 
        where
            b1_0.booking_status<>'CANCELLED' 
            and b1_0.check_in_date<? 
            and b1_0.check_out_date>?)
]]></system-out>
    <system-err><![CDATA[WARNING: A Java agent has been loaded dynamically (/home/whoami/.m2/repository/net/bytebuddy/byte-buddy-agent/1.14.19/byte-buddy-agent-1.14.19.jar)
WARNING: If a serviceability tool is in use, please run with -XX:+EnableDynamicAgentLoading to hide this warning
WARNING: If a serviceability tool is not in use, please run with -Djdk.instrument.traceUsage for more information
WARNING: Dynamic loading of agents will be disallowed by default in a future release
]]></system-err>
  </testcase>
  <testcase name="findByRoomNumber_returnsSavedRoom" classname="com.example.app.repository.RoomRepositoryTest" time="0.036">
    <system-out><![CDATA[Hibernate: 
    insert 
    into
        room_types
        (base_price, capacity, description, name, id) 
    values
        (?, ?, ?, ?, default)
Hibernate: 
    insert 
    into
        rooms
        (description, floor, price_per_night, room_number, room_type_id, status, id) 
    values
        (?, ?, ?, ?, ?, ?, default)
Hibernate: 
    insert 
    into
        users
        (created_at, email, enabled, first_name, last_name, password, phone, role, updated_at, username, id) 
    values
        (?, ?, ?, ?, ?, ?, ?, ?, ?, ?, default)
Hibernate: 
    insert 
    into
        customers
        (address, date_of_birth, identification_number, user_id, id) 
    values
        (?, ?, ?, ?, default)
Hibernate: 
    insert 
    into
        bookings
        (booking_reference, booking_status, check_in_date, check_out_date, created_at, customer_id, number_of_guests, room_id, total_amount, id) 
    values
        (?, ?, ?, ?, ?, ?, ?, ?, ?, default)
Hibernate: 
    select
        r1_0.id,
        r1_0.description,
        r1_0.floor,
        r1_0.price_per_night,
        r1_0.room_number,
        r1_0.room_type_id,
        r1_0.status 
    from
        rooms r1_0 
    where
        r1_0.room_number=?
]]></system-out>
  </testcase>
  <testcase name="findAvailableRooms_excludesRoomWithOverlappingBooking" classname="com.example.app.repository.RoomRepositoryTest" time="0.026">
    <system-out><![CDATA[Hibernate: 
    insert 
    into
        room_types
        (base_price, capacity, description, name, id) 
    values
        (?, ?, ?, ?, default)
Hibernate: 
    insert 
    into
        rooms
        (description, floor, price_per_night, room_number, room_type_id, status, id) 
    values
        (?, ?, ?, ?, ?, ?, default)
Hibernate: 
    insert 
    into
        users
        (created_at, email, enabled, first_name, last_name, password, phone, role, updated_at, username, id) 
    values
        (?, ?, ?, ?, ?, ?, ?, ?, ?, ?, default)
Hibernate: 
    insert 
    into
        customers
        (address, date_of_birth, identification_number, user_id, id) 
    values
        (?, ?, ?, ?, default)
Hibernate: 
    insert 
    into
        bookings
        (booking_reference, booking_status, check_in_date, check_out_date, created_at, customer_id, number_of_guests, room_id, total_amount, id) 
    values
        (?, ?, ?, ?, ?, ?, ?, ?, ?, default)
Hibernate: 
    select
        r1_0.id,
        r1_0.description,
        r1_0.floor,
        r1_0.price_per_night,
        r1_0.room_number,
        r1_0.room_type_id,
        r1_0.status 
    from
        rooms r1_0 
    where
        r1_0.status<>'MAINTENANCE' 
        and r1_0.id not in (select
            b1_0.room_id 
        from
            bookings b1_0 
        where
            b1_0.booking_status<>'CANCELLED' 
            and b1_0.check_in_date<? 
            and b1_0.check_out_date>?)
]]></system-out>
  </testcase>
</testsuite>